<?xml version="1.0" encoding="UTF-8"?>
<!-- Generated by org.testng.reporters.JUnitXMLReporter -->
<testsuite ignored="0" hostname="jemsnroy" failures="0" tests="5" name="Default test" time="29.319" errors="0" timestamp="24 Nov. 2022 05:47:05 GMT">
  <testcase classname="com.fb.qa.Tests.LoginPageTest" name="verifyImage" time="0.061"/>
  <testcase classname="com.fb.qa.Tests.LoginPageTest" name="verifyText" time="0.032"/>
  <testcase classname="com.fb.qa.Tests.LoginPageTest" name="verifyURL" time="0.008"/>
  <testcase classname="com.fb.qa.Tests.LoginPageTest" name="verifyloginWithWrongChar" time="1.197"/>
  <testcase classname="com.fb.qa.Tests.LoginPageTest" name="verifyLogin" time="6.447"/>
</testsuite> <!-- Default test -->
