<?xml version="1.0" encoding="UTF-8"?>
<!-- Generated by org.testng.reporters.JUnitXMLReporter -->
<testsuite ignored="0" hostname="jemsnroy" failures="0" tests="9" name="Command line test" time="47.829" errors="0" timestamp="23 Nov. 2022 23:45:23 GMT">
  <testcase classname="com.fb.qa.Tests.SignUpPageTest" name="verifyCNA" time="1.658"/>
  <testcase classname="com.fb.qa.Tests.HomePageTest" name="verifyURL" time="0.002"/>
  <testcase classname="com.fb.qa.Tests.LoginPageTest" name="verifyImage" time="0.025"/>
  <testcase classname="com.fb.qa.Tests.HomePageTest" name="verifySearchBox" time="0.209"/>
  <testcase classname="com.fb.qa.Tests.LoginPageTest" name="verifyText" time="0.029"/>
  <testcase classname="com.fb.qa.Tests.HomePageTest" name="verifyLogOutButton" time="1.252"/>
  <testcase classname="com.fb.qa.Tests.LoginPageTest" name="verifyURL" time="0.003"/>
  <testcase classname="com.fb.qa.Tests.LoginPageTest" name="verifyloginWithWrongChar" time="1.13"/>
  <testcase classname="com.fb.qa.Tests.LoginPageTest" name="verifyLogin" time="3.033"/>
</testsuite> <!-- Command line test -->
