<?xml version="1.0" encoding="UTF-8"?>
<!-- Generated by org.testng.reporters.JUnitXMLReporter -->
<testsuite ignored="0" hostname="jemsnroy" failures="0" tests="8" name="Test" time="42.94" errors="0" timestamp="22 Nov. 2022 05:44:06 GMT">
  <testcase classname="com.fb.qa.Tests.LoginPageTest" name="verifyImage" time="0.044"/>
  <testcase classname="com.fb.qa.Tests.HomePageTest" name="verifyURL" time="0.003"/>
  <testcase classname="com.fb.qa.Tests.LoginPageTest" name="verifyText" time="0.028"/>
  <testcase classname="com.fb.qa.Tests.HomePageTest" name="verifySearchBox" time="0.324"/>
  <testcase classname="com.fb.qa.Tests.LoginPageTest" name="verifyURL" time="0.004"/>
  <testcase classname="com.fb.qa.Tests.HomePageTest" name="verifyLogOutButton" time="1.494"/>
  <testcase classname="com.fb.qa.Tests.LoginPageTest" name="verifyloginWithWrongChar" time="1.316"/>
  <testcase classname="com.fb.qa.Tests.LoginPageTest" name="verifyLogin" time="3.096"/>
</testsuite> <!-- Test -->
