<?xml version="1.0" encoding="UTF-8" ?>
<testsuite tests="9" failures="0" name="TestSuite" time="7.347" errors="0" skipped="0">
  <properties>
[...]
</properties>
  <testcase classname="com.fb.qa.Tests.SignUpPageTest" name="verifyCNA" time="1.66"/>
  <testcase classname="com.fb.qa.Tests.HomePageTest" name="verifyURL" time="0.002"/>
  <testcase classname="com.fb.qa.Tests.LoginPageTest" name="verifyImage" time="0.025"/>
  <testcase classname="com.fb.qa.Tests.HomePageTest" name="verifySearchBox" time="0.21"/>
  <testcase classname="com.fb.qa.Tests.LoginPageTest" name="verifyText" time="0.03"/>
  <testcase classname="com.fb.qa.Tests.HomePageTest" name="verifyLogOutButton" time="1.253"/>
  <testcase classname="com.fb.qa.Tests.LoginPageTest" name="verifyURL" time="0.002"/>
  <testcase classname="com.fb.qa.Tests.LoginPageTest" name="verifyloginWithWrongChar" time="1.131"/>
  <testcase classname="com.fb.qa.Tests.LoginPageTest" name="verifyLogin" time="3.034"/>
</testsuite>