<?xml version="1.0" encoding="UTF-8"?>
<testng-results ignored="0" total="5" passed="5" failed="0" skipped="0">
  <reporter-output>
  </reporter-output>
  <suite started-at="2022-11-24T05:46:36Z" name="Default suite" finished-at="2022-11-24T05:47:05Z" duration-ms="29319">
    <groups>
    </groups>
    <test started-at="2022-11-24T05:46:36Z" name="Default test" finished-at="2022-11-24T05:47:05Z" duration-ms="29319">
      <class name="com.fb.qa.Tests.LoginPageTest">
        <test-method is-config="true" signature="setup()[pri:0, instance:com.fb.qa.Tests.LoginPageTest@6e75aa0d]" started-at="2022-11-24T00:46:36Z" name="setup" finished-at="2022-11-24T00:46:39Z" duration-ms="3275" status="PASS">
          <reporter-output>
          </reporter-output>
        </test-method> <!-- setup -->
        <test-method signature="verifyImage()[pri:1, instance:com.fb.qa.Tests.LoginPageTest@6e75aa0d]" started-at="2022-11-24T00:46:39Z" name="verifyImage" finished-at="2022-11-24T00:46:39Z" duration-ms="61" status="PASS">
          <reporter-output>
          </reporter-output>
        </test-method> <!-- verifyImage -->
        <test-method is-config="true" signature="tearDown()[pri:0, instance:com.fb.qa.Tests.LoginPageTest@6e75aa0d]" started-at="2022-11-24T00:46:39Z" name="tearDown" finished-at="2022-11-24T00:46:40Z" duration-ms="678" status="PASS">
          <reporter-output>
          </reporter-output>
        </test-method> <!-- tearDown -->
        <test-method is-config="true" signature="setup()[pri:0, instance:com.fb.qa.Tests.LoginPageTest@6e75aa0d]" started-at="2022-11-24T00:46:40Z" name="setup" finished-at="2022-11-24T00:46:44Z" duration-ms="3355" status="PASS">
          <reporter-output>
          </reporter-output>
        </test-method> <!-- setup -->
        <test-method signature="verifyText()[pri:2, instance:com.fb.qa.Tests.LoginPageTest@6e75aa0d]" started-at="2022-11-24T00:46:44Z" name="verifyText" finished-at="2022-11-24T00:46:44Z" duration-ms="32" status="PASS">
          <reporter-output>
          </reporter-output>
        </test-method> <!-- verifyText -->
        <test-method is-config="true" signature="tearDown()[pri:0, instance:com.fb.qa.Tests.LoginPageTest@6e75aa0d]" started-at="2022-11-24T00:46:44Z" name="tearDown" finished-at="2022-11-24T00:46:44Z" duration-ms="679" status="PASS">
          <reporter-output>
          </reporter-output>
        </test-method> <!-- tearDown -->
        <test-method is-config="true" signature="setup()[pri:0, instance:com.fb.qa.Tests.LoginPageTest@6e75aa0d]" started-at="2022-11-24T00:46:44Z" name="setup" finished-at="2022-11-24T00:46:47Z" duration-ms="2999" status="PASS">
          <reporter-output>
          </reporter-output>
        </test-method> <!-- setup -->
        <test-method signature="verifyURL()[pri:3, instance:com.fb.qa.Tests.LoginPageTest@6e75aa0d]" started-at="2022-11-24T00:46:47Z" name="verifyURL" finished-at="2022-11-24T00:46:47Z" duration-ms="8" status="PASS">
          <reporter-output>
          </reporter-output>
        </test-method> <!-- verifyURL -->
        <test-method is-config="true" signature="tearDown()[pri:0, instance:com.fb.qa.Tests.LoginPageTest@6e75aa0d]" started-at="2022-11-24T00:46:47Z" name="tearDown" finished-at="2022-11-24T00:46:48Z" duration-ms="566" status="PASS">
          <reporter-output>
          </reporter-output>
        </test-method> <!-- tearDown -->
        <test-method is-config="true" signature="setup()[pri:0, instance:com.fb.qa.Tests.LoginPageTest@6e75aa0d]" started-at="2022-11-24T00:46:48Z" name="setup" finished-at="2022-11-24T00:46:50Z" duration-ms="2656" status="PASS">
          <reporter-output>
          </reporter-output>
        </test-method> <!-- setup -->
        <test-method signature="verifyloginWithWrongChar()[pri:4, instance:com.fb.qa.Tests.LoginPageTest@6e75aa0d]" started-at="2022-11-24T00:46:50Z" name="verifyloginWithWrongChar" finished-at="2022-11-24T00:46:52Z" duration-ms="1197" status="PASS">
          <reporter-output>
          </reporter-output>
        </test-method> <!-- verifyloginWithWrongChar -->
        <test-method is-config="true" signature="tearDown()[pri:0, instance:com.fb.qa.Tests.LoginPageTest@6e75aa0d]" started-at="2022-11-24T00:46:52Z" name="tearDown" finished-at="2022-11-24T00:46:52Z" duration-ms="626" status="PASS">
          <reporter-output>
          </reporter-output>
        </test-method> <!-- tearDown -->
        <test-method is-config="true" signature="setup()[pri:0, instance:com.fb.qa.Tests.LoginPageTest@6e75aa0d]" started-at="2022-11-24T00:46:52Z" name="setup" finished-at="2022-11-24T00:46:55Z" duration-ms="2637" status="PASS">
          <reporter-output>
          </reporter-output>
        </test-method> <!-- setup -->
        <test-method signature="verifyLogin()[pri:5, instance:com.fb.qa.Tests.LoginPageTest@6e75aa0d]" started-at="2022-11-24T00:46:55Z" name="verifyLogin" finished-at="2022-11-24T00:47:01Z" duration-ms="6447" status="PASS">
          <reporter-output>
          </reporter-output>
        </test-method> <!-- verifyLogin -->
        <test-method is-config="true" signature="tearDown()[pri:0, instance:com.fb.qa.Tests.LoginPageTest@6e75aa0d]" started-at="2022-11-24T00:47:01Z" name="tearDown" finished-at="2022-11-24T00:47:05Z" duration-ms="4086" status="PASS">
          <reporter-output>
          </reporter-output>
        </test-method> <!-- tearDown -->
      </class> <!-- com.fb.qa.Tests.LoginPageTest -->
    </test> <!-- Default test -->
  </suite> <!-- Default suite -->
</testng-results>
